# JRE version: OpenJDK Runtime Environment Temurin-17.0.18+8 (17.0.18+8) (build 17.0.18+8)
# Java VM: OpenJDK 64-Bit Server VM Temurin-17.0.18+8 (17.0.18+8, mixed mode, sharing, tiered, compressed oops, compressed class ptrs, g1 gc, windows-amd64)
GC Precious Log:
 CPUs: 8 total, 8 available
 Memory: 16144M
 Large Page Support: Disabled
 NUMA Support: Disabled
 Compressed Oops: Enabled (Zero based)
 Heap Region Size: 2M
 Heap Min Capacity: 8M
 Heap Initial Capacity: 254M
 Heap Max Capacity: 4038M
 Pre-touch: Disabled
 Parallel Workers: 8
 Concurrent Workers: 2
 Concurrent Refinement Workers: 8
 Periodic GC: Disabled
Heap:
 garbage-first heap   total 61440K, used 38525K [0x0000000703a00000, 0x0000000800000000)
  region size 2048K, 10 young (20480K), 2 survivors (4096K)
 Metaspace       used 61006K, committed 61504K, reserved 1114112K
  class space    used 8389K, committed 8640K, reserved 1048576K
GC Heap History (20 events):
Event: 10.536 GC heap before
{Heap before GC invocations=2 (full 0):
 garbage-first heap   total 260096K, used 60320K [0x0000000703a00000, 0x0000000800000000)
  region size 2048K, 27 young (55296K), 1 survivors (2048K)
 Metaspace       used 21157K, committed 21504K, reserved 1114112K
  class space    used 2643K, committed 2816K, reserved 1048576K
}
Event: 10.554 GC heap after
{Heap after GC invocations=3 (full 0):
 garbage-first heap   total 260096K, used 13728K [0x0000000703a00000, 0x0000000800000000)
  region size 2048K, 4 young (8192K), 4 survivors (8192K)
 Metaspace       used 21157K, committed 21504K, reserved 1114112K
  class space    used 2643K, committed 2816K, reserved 1048576K
}
Event: 13.352 GC heap before
{Heap before GC invocations=4 (full 0):
 garbage-first heap   total 61440K, used 42400K [0x0000000703a00000, 0x0000000800000000)
  region size 2048K, 18 young (36864K), 4 survivors (8192K)
 Metaspace       used 26137K, committed 26496K, reserved 1114112K
  class space    used 3400K, committed 3584K, reserved 1048576K
}
Event: 13.370 GC heap after
{Heap after GC invocations=5 (full 0):
 garbage-first heap   total 61440K, used 16441K [0x0000000703a00000, 0x0000000800000000)
  region size 2048K, 2 young (4096K), 2 survivors (4096K)
 Metaspace       used 26137K, committed 26496K, reserved 1114112K
  class space    used 3400K, committed 3584K, reserved 1048576K
}
Event: 14.013 GC heap before
{Heap before GC invocations=5 (full 0):
 garbage-first heap   total 61440K, used 18489K [0x0000000703a00000, 0x0000000800000000)
  region size 2048K, 3 young (6144K), 2 survivors (4096K)
 Metaspace       used 26786K, committed 27200K, reserved 1114112K
  class space    used 3471K, committed 3648K, reserved 1048576K
}
Event: 14.027 GC heap after
{Heap after GC invocations=6 (full 0):
 garbage-first heap   total 61440K, used 17061K [0x0000000703a00000, 0x0000000800000000)
  region size 2048K, 1 young (2048K), 1 survivors (2048K)
 Metaspace       used 26786K, committed 27200K, reserved 1114112K
  class space    used 3471K, committed 3648K, reserved 1048576K
}
Event: 16.114 GC heap before
{Heap before GC invocations=6 (full 0):
 garbage-first heap   total 61440K, used 39589K [0x0000000703a00000, 0x0000000800000000)
  region size 2048K, 12 young (24576K), 1 survivors (2048K)
 Metaspace       used 31651K, committed 32128K, reserved 1114112K
  class space    used 4069K, committed 4288K, reserved 1048576K
}
Event: 16.122 GC heap after
{Heap after GC invocations=7 (full 0):
 garbage-first heap   total 61440K, used 18346K [0x0000000703a00000, 0x0000000800000000)
  region size 2048K, 1 young (2048K), 1 survivors (2048K)
 Metaspace       used 31651K, committed 32128K, reserved 1114112K
  class space    used 4069K, committed 4288K, reserved 1048576K
}
Event: 16.921 GC heap before
{Heap before GC invocations=7 (full 0):
 garbage-first heap   total 61440K, used 34730K [0x0000000703a00000, 0x0000000800000000)
  region size 2048K, 10 young (20480K), 1 survivors (2048K)
 Metaspace       used 35521K, committed 35968K, reserved 1114112K
  class space    used 4696K, committed 4928K, reserved 1048576K
}
Event: 16.926 GC heap after
{Heap after GC invocations=8 (full 0):
 garbage-first heap   total 61440K, used 19186K [0x0000000703a00000, 0x0000000800000000)
  region size 2048K, 2 young (4096K), 2 survivors (4096K)
 Metaspace       used 35521K, committed 35968K, reserved 1114112K
  class space    used 4696K, committed 4928K, reserved 1048576K
}
Event: 18.678 GC heap before
{Heap before GC invocations=9 (full 0):
 garbage-first heap   total 61440K, used 43762K [0x0000000703a00000, 0x0000000800000000)
  region size 2048K, 14 young (28672K), 2 survivors (4096K)
 Metaspace       used 42253K, committed 42688K, reserved 1114112K
  class space    used 5601K, committed 5824K, reserved 1048576K
}
Event: 18.688 GC heap after
{Heap after GC invocations=10 (full 0):
 garbage-first heap   total 61440K, used 20983K [0x0000000703a00000, 0x0000000800000000)
  region size 2048K, 2 young (4096K), 2 survivors (4096K)
 Metaspace       used 42253K, committed 42688K, reserved 1114112K
  class space    used 5601K, committed 5824K, reserved 1048576K
}
Event: 18.870 GC heap before
{Heap before GC invocations=10 (full 0):
 garbage-first heap   total 61440K, used 23031K [0x0000000703a00000, 0x0000000800000000)
  region size 2048K, 3 young (6144K), 2 survivors (4096K)
 Metaspace       used 42863K, committed 43264K, reserved 1114112K
  class space    used 5689K, committed 5888K, reserved 1048576K
}
Event: 18.878 GC heap after
{Heap after GC invocations=11 (full 0):
 garbage-first heap   total 61440K, used 20592K [0x0000000703a00000, 0x0000000800000000)
  region size 2048K, 1 young (2048K), 1 survivors (2048K)
 Metaspace       used 42863K, committed 43264K, reserved 1114112K
  class space    used 5689K, committed 5888K, reserved 1048576K
}
Event: 21.205 GC heap before
{Heap before GC invocations=11 (full 0):
 garbage-first heap   total 61440K, used 43120K [0x0000000703a00000, 0x0000000800000000)
  region size 2048K, 13 young (26624K), 1 survivors (2048K)
 Metaspace       used 49986K, committed 50496K, reserved 1114112K
  class space    used 6683K, committed 6976K, reserved 1048576K
}
Event: 21.209 GC heap after
{Heap after GC invocations=12 (full 0):
 garbage-first heap   total 61440K, used 21375K [0x0000000703a00000, 0x0000000800000000)
  region size 2048K, 1 young (2048K), 1 survivors (2048K)
 Metaspace       used 49986K, committed 50496K, reserved 1114112K
  class space    used 6683K, committed 6976K, reserved 1048576K
}
Event: 22.908 GC heap before
{Heap before GC invocations=12 (full 0):
 garbage-first heap   total 61440K, used 43903K [0x0000000703a00000, 0x0000000800000000)
  region size 2048K, 13 young (26624K), 1 survivors (2048K)
 Metaspace       used 55684K, committed 56192K, reserved 1114112K
  class space    used 7591K, committed 7872K, reserved 1048576K
}
Event: 22.913 GC heap after
{Heap after GC invocations=13 (full 0):
 garbage-first heap   total 61440K, used 22642K [0x0000000703a00000, 0x0000000800000000)
  region size 2048K, 2 young (4096K), 2 survivors (4096K)
 Metaspace       used 55684K, committed 56192K, reserved 1114112K
  class space    used 7591K, committed 7872K, reserved 1048576K
}
Event: 24.592 GC heap before
{Heap before GC invocations=13 (full 0):
 garbage-first heap   total 61440K, used 41074K [0x0000000703a00000, 0x0000000800000000)
  region size 2048K, 12 young (24576K), 2 survivors (4096K)
 Metaspace       used 59573K, committed 60096K, reserved 1114112K
  class space    used 8138K, committed 8384K, reserved 1048576K
}
Event: 24.599 GC heap after
{Heap after GC invocations=14 (full 0):
 garbage-first heap   total 61440K, used 24189K [0x0000000703a00000, 0x0000000800000000)
  region size 2048K, 2 young (4096K), 2 survivors (4096K)
 Metaspace       used 59573K, committed 60096K, reserved 1114112K
  class space    used 8138K, committed 8384K, reserved 1048576K
}

