<?xml version="1.0" encoding="UTF-8"?>
<testsuite xmlns:xsi="http://www.w3.org/2001/XMLSchema-instance" xsi:noNamespaceSchemaLocation="https://maven.apache.org/surefire/maven-surefire-plugin/xsd/surefire-test-report.xsd" version="3.0.2" name="com.smartcampus.notification.NotificationServiceApplicationTests" time="7.944" tests="1" errors="0" skipped="0" failures="0" flakes="0">
  <properties>
[...]
</properties>
  <testcase name="contextLoads" classname="com.smartcampus.notification.NotificationServiceApplicationTests" time="0.566">
    <system-out><![CDATA[13:36:38.714 [main] INFO org.springframework.test.context.support.AnnotationConfigContextLoaderUtils -- Could not detect default configuration classes for test class [com.smartcampus.notification.NotificationServiceApplicationTests]: NotificationServiceApplicationTests does not declare any static, non-private, non-final, nested classes annotated with @Configuration.
13:36:38.885 [main] INFO org.springframework.boot.test.context.SpringBootTestContextBootstrapper -- Found @SpringBootConfiguration com.smartcampus.notification.NotificationServiceApplication for test class com.smartcampus.notification.NotificationServiceApplicationTests

  .   ____          _            __ _ _
 /\\ / ___'_ __ _ _(_)_ __  __ _ \ \ \ \
( ( )\___ | '_ | '_| | '_ \/ _` | \ \ \ \
 \\/  ___)| |_)| | | | | || (_| |  ) ) ) )
  '  |____| .__|_| |_|_| |_\__, | / / / /
 =========|_|==============|___/=/_/_/_/

 :: Spring Boot ::               (v3.5.14)

2026-06-10T13:36:39.784+08:00  INFO 36172 --- [notification-service] [           main] .s.n.NotificationServiceApplicationTests : Starting NotificationServiceApplicationTests using Java 17.0.18 with PID 36172 (started by D in C:\DAD Project\smartcampus-connect\notification-service)
2026-06-10T13:36:39.787+08:00  INFO 36172 --- [notification-service] [           main] .s.n.NotificationServiceApplicationTests : No active profile set, falling back to 1 default profile: "default"
2026-06-10T13:36:41.018+08:00  INFO 36172 --- [notification-service] [           main] .s.d.r.c.RepositoryConfigurationDelegate : Bootstrapping Spring Data JPA repositories in DEFAULT mode.
2026-06-10T13:36:41.126+08:00  INFO 36172 --- [notification-service] [           main] .s.d.r.c.RepositoryConfigurationDelegate : Finished Spring Data repository scanning in 88 ms. Found 1 JPA repository interface.
2026-06-10T13:36:41.941+08:00  INFO 36172 --- [notification-service] [           main] o.hibernate.jpa.internal.util.LogHelper  : HHH000204: Processing PersistenceUnitInfo [name: default]
2026-06-10T13:36:42.062+08:00  INFO 36172 --- [notification-service] [           main] org.hibernate.Version                    : HHH000412: Hibernate ORM core version 6.6.49.Final
2026-06-10T13:36:42.137+08:00  INFO 36172 --- [notification-service] [           main] o.h.c.internal.RegionFactoryInitiator    : HHH000026: Second-level cache disabled
2026-06-10T13:36:42.801+08:00  INFO 36172 --- [notification-service] [           main] o.s.o.j.p.SpringPersistenceUnitInfo      : No LoadTimeWeaver setup: ignoring JPA class transformer
2026-06-10T13:36:42.859+08:00  INFO 36172 --- [notification-service] [           main] com.zaxxer.hikari.HikariDataSource       : HikariPool-1 - Starting...
2026-06-10T13:36:43.161+08:00  INFO 36172 --- [notification-service] [           main] com.zaxxer.hikari.pool.HikariPool        : HikariPool-1 - Added connection conn0: url=jdbc:h2:mem:notificationdb user=SA
2026-06-10T13:36:43.164+08:00  INFO 36172 --- [notification-service] [           main] com.zaxxer.hikari.HikariDataSource       : HikariPool-1 - Start completed.
2026-06-10T13:36:43.196+08:00  WARN 36172 --- [notification-service] [           main] org.hibernate.orm.deprecation            : HHH90000025: H2Dialect does not need to be specified explicitly using 'hibernate.dialect' (remove the property setting and it will be selected by default)
2026-06-10T13:36:43.231+08:00  INFO 36172 --- [notification-service] [           main] org.hibernate.orm.connections.pooling    : HHH10001005: Database info:
	Database JDBC URL [Connecting through datasource 'HikariDataSource (HikariPool-1)']
	Database driver: undefined/unknown
	Database version: 2.3.232
	Autocommit mode: undefined/unknown
	Isolation level: undefined/unknown
	Minimum pool size: undefined/unknown
	Maximum pool size: undefined/unknown
2026-06-10T13:36:44.248+08:00  INFO 36172 --- [notification-service] [           main] o.h.e.t.j.p.i.JtaPlatformInitiator       : HHH000489: No JTA platform available (set 'hibernate.transaction.jta.platform' to enable JTA platform integration)
Hibernate: drop table if exists notifications cascade 
Hibernate: create table notifications (id bigint generated by default as identity, received_at timestamp(6), message varchar(255), status varchar(255), type varchar(255), primary key (id))
2026-06-10T13:36:44.283+08:00  INFO 36172 --- [notification-service] [           main] j.LocalContainerEntityManagerFactoryBean : Initialized JPA EntityManagerFactory for persistence unit 'default'
2026-06-10T13:36:45.041+08:00  WARN 36172 --- [notification-service] [           main] JpaBaseConfiguration$JpaWebConfiguration : spring.jpa.open-in-view is enabled by default. Therefore, database queries may be performed during view rendering. Explicitly configure spring.jpa.open-in-view to disable this warning
2026-06-10T13:36:45.606+08:00  INFO 36172 --- [notification-service] [           main] o.s.b.a.h2.H2ConsoleAutoConfiguration    : H2 console available at '/h2-console'. Database available at 'jdbc:h2:mem:notificationdb'
2026-06-10T13:36:45.758+08:00  INFO 36172 --- [notification-service] [           main] o.s.a.r.c.CachingConnectionFactory       : Attempting to connect to: localhost:5672
2026-06-10T13:36:45.770+08:00  INFO 36172 --- [notification-service] [           main] o.s.a.r.c.CachingConnectionFactory       : Created new connection: connectionFactory#14745c3c:0/SimpleConnection@14b0b7f9 [delegate=com.github.fridujo.rabbitmq.mock.MockConnection@16a78700, localPort=0]
2026-06-10T13:36:45.851+08:00  INFO 36172 --- [notification-service] [           main] .s.n.NotificationServiceApplicationTests : Started NotificationServiceApplicationTests in 6.622 seconds (process running for 8.001)
]]></system-out>
  </testcase>
</testsuite>