<?xml version="1.0" encoding="UTF-8"?>
<testsuite xmlns:xsi="http://www.w3.org/2001/XMLSchema-instance" xsi:noNamespaceSchemaLocation="https://maven.apache.org/surefire/maven-surefire-plugin/xsd/surefire-test-report.xsd" version="3.0.2" name="com.smartcampus.notification.NotificationServiceApplicationTests" time="1.745" tests="1" errors="0" skipped="0" failures="0" flakes="0">
  <properties>
[...]
</properties>
  <testcase name="contextLoads" classname="com.smartcampus.notification.NotificationServiceApplicationTests" time="0.452">
    <system-out><![CDATA[19:42:32.296 [main] INFO org.springframework.test.context.support.AnnotationConfigContextLoaderUtils -- Could not detect default configuration classes for test class [com.smartcampus.notification.NotificationServiceApplicationTests]: NotificationServiceApplicationTests does not declare any static, non-private, non-final, nested classes annotated with @Configuration.
19:42:32.367 [main] INFO org.springframework.boot.test.context.SpringBootTestContextBootstrapper -- Found @SpringBootConfiguration com.smartcampus.notification.NotificationServiceApplication for test class com.smartcampus.notification.NotificationServiceApplicationTests

  .   ____          _            __ _ _
 /\\ / ___'_ __ _ _(_)_ __  __ _ \ \ \ \
( ( )\___ | '_ | '_| | '_ \/ _` | \ \ \ \
 \\/  ___)| |_)| | | | | || (_| |  ) ) ) )
  '  |____| .__|_| |_|_| |_\__, | / / / /
 =========|_|==============|___/=/_/_/_/

 :: Spring Boot ::               (v3.5.14)

2026-06-07T19:42:32.647+08:00  INFO 26340 --- [notification-service] [           main] .s.n.NotificationServiceApplicationTests : Starting NotificationServiceApplicationTests using Java 25.0.2 with PID 26340 (started by User in C:\Users\User\Desktop\DAD Project\smartcampus-connect\notification-service)
2026-06-07T19:42:32.648+08:00  INFO 26340 --- [notification-service] [           main] .s.n.NotificationServiceApplicationTests : No active profile set, falling back to 1 default profile: "default"
2026-06-07T19:42:33.477+08:00  INFO 26340 --- [notification-service] [           main] .s.n.NotificationServiceApplicationTests : Started NotificationServiceApplicationTests in 1.015 seconds (process running for 1.716)
]]></system-out>
    <system-err><![CDATA[Mockito is currently self-attaching to enable the inline-mock-maker. This will no longer work in future releases of the JDK. Please add Mockito as an agent to your build as described in Mockito's documentation: https://javadoc.io/doc/org.mockito/mockito-core/latest/org.mockito/org/mockito/Mockito.html#0.3
WARNING: A Java agent has been loaded dynamically (C:\Users\User\.m2\repository\net\bytebuddy\byte-buddy-agent\1.17.8\byte-buddy-agent-1.17.8.jar)
WARNING: If a serviceability tool is in use, please run with -XX:+EnableDynamicAgentLoading to hide this warning
WARNING: If a serviceability tool is not in use, please run with -Djdk.instrument.traceUsage for more information
WARNING: Dynamic loading of agents will be disallowed by default in a future release
]]></system-err>
  </testcase>
</testsuite>